Arguments: 
  E:\node.exe E:\bin\yarn.js add @materialui-core

PATH: 
  C:\Program Files\PowerShell\7;C:\Users\ENYMY\bin;C:\Program Files\Git\mingw64\bin;C:\Program Files\Git\usr\local\bin;C:\Program Files\Git\usr\bin;C:\Program Files\Git\usr\bin;C:\Program Files\Git\mingw64\bin;C:\Program Files\Git\usr\bin;C:\Users\ENYMY\bin;C:\Python39\Scripts;C:\Python39;C:\Program Files\Java\jdk-13.0.1\bin;C:\Python38\Scripts;C:\Python38;C:\Program Files\Microsoft MPI\Bin;C:\Program Files (x86)\Common Files\Intel\Shared Libraries\redist\intel64\compiler;C:\WinAVR-20100110\bin;C:\WinAVR-20100110\utils\bin;C:\Program Files (x86)\AMD APP\bin\x86_64;C:\Windows\system32;C:\Windows;C:\Windows\System32\Wbem;C:\Windows\System32\WindowsPowerShell\v1.0;C:\Windows\System32\OpenSSH;C:\Program Files (x86)\NVIDIA Corporation\PhysX\Common;C:\Program Files\Intel\WiFi\bin;C:\Program Files\Common Files\Intel\WirelessCommon;C:\FPC\3.0.4\bin\i386-Win32;C:\Program Files\PuTTY;C:\Program Files\Microsoft SQL Server\Client SDK\ODBC\170\Tools\Binn;C:\Program Files (x86)\Microsoft SQL Server\150\Tools\Binn;C:\Program Files\Microsoft SQL Server\150\Tools\Binn;C:\Program Files\Microsoft SQL Server\150\DTS\Binn;C:\Program Files (x86)\Microsoft SQL Server\150\DTS\Binn;C:\Program Files\Git\cmd;C:\Program Files\JetBrains\IntelliJ IDEA Educational Edition 2020.1\jbr\bin;C:\Program Files\Java\jdk-13.0.1\bin;C:\WINDOWS\system32;C:\WINDOWS;C:\WINDOWS\System32\Wbem;C:\WINDOWS\System32\WindowsPowerShell\v1.0;C:\WINDOWS\System32\OpenSSH;C:\ProgramData\chocolatey\bin;C:\Program Files\PowerShell\7;E:\apache-maven-3.6.3-bin\apache-maven-3.6.3\bin;C:\Program Files\dotnet;C:\Program Files\Microsoft SQL Server\130\Tools\Binn;E:\httpd-2.4.46-win64-VS16\Apache24\bin;E:\bin;E:\;JAVA_HOME;C:\Users\ENYMY\AppData\Local\Programs\Python\Python36\Scripts;C:\Users\ENYMY\AppData\Local\Programs\Python\Python36;C:\Program Files (x86)\CodeBlocks\MinGW\bin;C:\Program Files\Intel\WiFi\bin;C:\Program Files\Common Files\Intel\WirelessCommon;C:\Program Files\JetBrains\IntelliJ IDEA Community Edition 2020.1.1\2020.1\IntelliJ IDEA Community Edition 2020.1.1\bin;C:\Program Files\JetBrains\IntelliJ IDEA Educational Edition 2020.1\bin;C:\Users\ENYMY\AppData\Local\Programs\Microsoft VS Code\bin;C:\Program Files\JetBrains\IntelliJ IDEA 2020.1.2\bin;C:\Users\ENYMY\AppData\Local\Microsoft\WindowsApps;C:\wamp64\bin\php\php5.6.40;E:\L2S1\Industry Projecct;C:\Program Files\nodejs;C:\Users\ENYMY\AppData\Roaming\Composer\vendor\bin;C:\Users\ENYMY\.dotnet\tools;C:\Users\ENYMY\AppData\Local\Yarn\bin;C:\Users\ENYMY\AppData\Roaming\npm;C:\Users\ENYMY\AppData\Local\GitHubDesktop\bin;C:\Program Files\Git\usr\bin\vendor_perl;C:\Program Files\Git\usr\bin\core_perl

Yarn version: 
  1.22.5

Node version: 
  15.1.0

Platform: 
  win32 x64

Trace: 
  Error: https://registry.yarnpkg.com/@materialui-core: Request "https://registry.yarnpkg.com/@materialui-core" returned a 405
      at Request.params.callback [as _callback] (E:\lib\cli.js:66106:18)
      at Request.self.callback (E:\lib\cli.js:140749:22)
      at Request.emit (node:events:327:20)
      at Request.<anonymous> (E:\lib\cli.js:141721:10)
      at Request.emit (node:events:327:20)
      at IncomingMessage.<anonymous> (E:\lib\cli.js:141643:12)
      at Object.onceWrapper (node:events:433:28)
      at IncomingMessage.emit (node:events:339:22)
      at endReadableNT (node:internal/streams/readable:1289:12)
      at processTicksAndRejections (node:internal/process/task_queues:80:21)

npm manifest: 
  {
    "name": "react-firebase-todo-app",
    "version": "1.0.0",
    "description": "",
    "keywords": [],
    "main": "src/index.js",
    "dependencies": {
      "firebase-tools": "9.1.0",
      "react": "17.0.0",
      "react-dom": "17.0.0",
      "react-scripts": "3.4.3"
    },
    "devDependencies": {
      "typescript": "3.8.3"
    },
    "scripts": {
      "start": "react-scripts start",
      "build": "react-scripts build",
      "test": "react-scripts test --env=jsdom",
      "eject": "react-scripts eject"
    },
    "browserslist": [
      ">0.2%",
      "not dead",
      "not ie <= 11",
      "not op_mini all"
    ]
  }

yarn manifest: 
  No manifest

Lockfile: 
  No lockfile
